<?xml version="1.0" encoding="UTF-8" ?>
<testsuite tests="7" failures="0" name="com.rosetta.TestRunner" time="1.075" errors="0" skipped="6">
  <properties>
[...]
</properties>
  <testcase classname="Scenario: Parse a valid single word command" name="Given the game parser" time="0.132">
    <skipped/>
    <system-out>Ability: Parsing User Input
</system-out>
  </testcase>
  <testcase classname="Scenario: Parse a valid single word command" name="When the command &quot;inventory&quot; is parsed" time="0.153">
    <skipped/>
    <system-out>
  Background:             &amp;#27;[90m# parser.feature:3&amp;#27;[0m
    &amp;#27;[33mGiven &amp;#27;[0m&amp;#27;[33mthe game parser&amp;#27;[0m &amp;#27;[90m# ParserSteps.theGameParser()&amp;#27;[0m
      &amp;#27;[31mcucumber.api.PendingException: TODO: implement me
      	at com.rosetta.ParserSteps.theGameParser(ParserSteps.java:12)
      	at ✽.Given the game parser(parser.feature:4)
      &amp;#27;[0m
</system-out>
  </testcase>
  <testcase classname="Scenario: Parse a valid single word command" name="Then the verb is &quot;inventory&quot;" time="0.154">
    <skipped/>
  </testcase>
  <testcase classname="Scenario: Parse a valid single word command" name="And there is no direct object" time="0.157">
    <skipped/>
  </testcase>
  <testcase classname="Scenario: Parse a valid single word command" name="And the parser response is &quot;Success&quot;" time="0.159">
    <skipped/>
  </testcase>
  <testcase classname="Scenario: Parse a valid single word command" name="Scenario: Parse a valid single word command" time="0.16">
    <skipped/>
  </testcase>
  <testcase classname="Scenario: Parse a valid single word command" name="Scenario: Parse a valid single word command" time="0.16"/>
</testsuite>