<?xml version="1.0" encoding="UTF-8" ?>
<testsuite tests="7" failures="0" name="TestRunner" time="0.024" errors="0" skipped="6">
  <properties>
[...]
</properties>
  <testcase classname="Scenario: Parse a valid single word command" name="Given the game parser" time="0.003">
    <skipped/>
  </testcase>
  <testcase classname="Scenario: Parse a valid single word command" name="When the command &quot;inventory&quot; is parsed" time="0.003">
    <skipped/>
  </testcase>
  <testcase classname="Scenario: Parse a valid single word command" name="Then the verb is &quot;inventory&quot;" time="0.003">
    <skipped/>
  </testcase>
  <testcase classname="Scenario: Parse a valid single word command" name="And there is no direct object" time="0.003">
    <skipped/>
  </testcase>
  <testcase classname="Scenario: Parse a valid single word command" name="And the parser response is &quot;Success&quot;" time="0.004">
    <skipped/>
  </testcase>
  <testcase classname="Scenario: Parse a valid single word command" name="Scenario: Parse a valid single word command" time="0.004">
    <skipped/>
  </testcase>
  <testcase classname="Scenario: Parse a valid single word command" name="Scenario: Parse a valid single word command" time="0.004"/>
</testsuite>